
2022-06-17 12:46:06,099: INFO: Test_01_HRMLogin: ***************** HRMLogin_title_Check ********************
2022-06-17 12:46:06,151: INFO: Test_01_HRMLogin: ***************** test_001_LoginHRMTitle ********************
2022-06-17 12:46:24,246: INFO: Test_01_HRMLogin: ***************** HRMLogin ********************
2022-06-17 12:46:24,247: INFO: Test_01_HRMLogin: ***************** test_002_LoginHRM ********************
2022-06-17 12:56:07,683: INFO: Test_01_HRMLogin: ***************** HRMLogin_title_Check ********************
2022-06-17 12:56:07,701: INFO: Test_01_HRMLogin: ***************** test_001_LoginHRMTitle ********************
2022-06-17 12:56:12,347: INFO: Test_01_HRMLogin: ***************** HRMLogin ********************
2022-06-17 12:56:12,364: INFO: Test_01_HRMLogin: ***************** test_002_LoginHRM ********************
2022-06-17 13:05:08,965: INFO: Test_01_HRMLogin: ***************** HRMLogin_title_Check ********************
2022-06-17 13:05:08,966: INFO: Test_01_HRMLogin: ***************** test_001_LoginHRMTitle ********************
2022-06-17 13:05:20,756: INFO: Test_01_HRMLogin: ***************** HRMLogin is successfull ********************
2022-06-17 13:05:23,532: INFO: Test_01_HRMLogin: ***************** HRMLogin ********************
2022-06-17 13:05:23,532: INFO: Test_01_HRMLogin: ***************** test_002_LoginHRM ********************
2022-06-17 13:05:33,159: INFO: Test_01_HRMLogin: ***************** Login into HRM ********************
2022-06-17 13:05:35,891: INFO: Test_01_HRMLogin: ***************** HRMLogin is successfull ********************
2022-06-17 13:05:36,269: ERROR: Test_01_HRMLogin: ***************** HRM Page Error ********************
2022-06-17 13:34:08,218: INFO: Test_01_HRMLogin: ***************** HRMLogin_title_Check ********************
2022-06-17 13:34:08,218: INFO: Test_01_HRMLogin: ***************** test_001_LoginHRMTitle ********************
2022-06-17 13:34:20,175: INFO: Test_01_HRMLogin: ***************** HRMLogin is successfull ********************
2022-06-17 13:34:22,932: INFO: Test_01_HRMLogin: ***************** HRMLogin ********************
2022-06-17 13:34:22,932: INFO: Test_01_HRMLogin: ***************** test_002_LoginHRM ********************
2022-06-17 13:34:32,708: INFO: Test_01_HRMLogin: ***************** Login into HRM ********************
2022-06-17 13:34:38,182: INFO: Test_01_HRMLogin: ***************** HRMLogin is successfull ********************
2022-06-17 13:34:38,644: ERROR: Test_01_HRMLogin: ***************** HRM Page Error ********************
2022-06-17 13:36:22,603: INFO: Test_01_HRMLogin: ***************** HRMLogin_title_Check ********************
2022-06-17 13:36:22,603: INFO: Test_01_HRMLogin: ***************** test_001_LoginHRMTitle ********************
2022-06-17 13:36:34,193: INFO: Test_01_HRMLogin: ***************** HRMLogin is successfull ********************
2022-06-17 13:36:37,098: INFO: Test_01_HRMLogin: ***************** HRMLogin ********************
2022-06-17 13:36:37,099: INFO: Test_01_HRMLogin: ***************** test_002_LoginHRM ********************
2022-06-17 13:36:41,875: INFO: Test_01_HRMLogin: ***************** Login into HRM ********************
2022-06-17 13:36:46,605: INFO: Test_01_HRMLogin: ***************** HRMLogin is successfull ********************
2022-06-17 13:36:47,019: ERROR: Test_01_HRMLogin: ***************** HRM Page Error ********************
2022-06-17 13:39:23,277: INFO: Test_01_HRMLogin: ***************** HRMLogin_title_Check ********************
2022-06-17 13:39:23,278: INFO: Test_01_HRMLogin: ***************** test_001_LoginHRMTitle ********************
2022-06-17 13:39:34,789: INFO: Test_01_HRMLogin: ***************** HRMLogin is successfull ********************
2022-06-17 13:39:37,670: INFO: Test_01_HRMLogin: ***************** HRMLogin ********************
2022-06-17 13:39:37,670: INFO: Test_01_HRMLogin: ***************** test_002_LoginHRM ********************
2022-06-17 13:39:43,273: INFO: Test_01_HRMLogin: ***************** Login into HRM ********************
2022-06-17 13:39:47,881: INFO: Test_01_HRMLogin: ***************** HRMLogin is successfull ********************
2022-06-17 13:39:48,291: ERROR: Test_01_HRMLogin: ***************** HRM Page Error ********************
2022-06-17 13:45:16,661: INFO: Test_01_HRMLogin: ***************** HRMLogin_title_Check ********************
2022-06-17 13:45:16,661: INFO: Test_01_HRMLogin: ***************** test_001_LoginHRMTitle ********************
2022-06-17 13:45:29,135: INFO: Test_01_HRMLogin: ***************** HRMLogin is successfull ********************
2022-06-17 13:45:31,881: INFO: Test_01_HRMLogin: ***************** HRMLogin ********************
2022-06-17 13:45:31,882: INFO: Test_01_HRMLogin: ***************** test_002_LoginHRM ********************
2022-06-17 13:45:36,858: INFO: Test_01_HRMLogin: ***************** Login into HRM ********************
2022-06-17 13:45:41,371: INFO: Test_01_HRMLogin: ***************** HRMLogin is successfull ********************
2022-06-17 13:45:41,754: ERROR: Test_01_HRMLogin: ***************** HRM Page Error ********************
2022-06-17 13:45:56,436: ERROR: Test_01_HRMLogin: ***************** HRM Failed ********************
2022-06-17 13:47:49,352: INFO: Test_01_HRMLogin: ***************** HRMLogin_title_Check ********************
2022-06-17 13:47:49,352: INFO: Test_01_HRMLogin: ***************** test_001_LoginHRMTitle ********************
2022-06-17 13:47:59,289: INFO: Test_01_HRMLogin: ***************** HRMLogin is successfull ********************
2022-06-17 13:48:02,216: INFO: Test_01_HRMLogin: ***************** HRMLogin ********************
2022-06-17 13:48:02,216: INFO: Test_01_HRMLogin: ***************** test_002_LoginHRM ********************
2022-06-17 13:48:10,706: INFO: Test_01_HRMLogin: ***************** Login into HRM ********************
2022-06-17 13:48:16,831: INFO: Test_01_HRMLogin: ***************** HRMLogin is successfull ********************
2022-06-17 13:48:17,194: ERROR: Test_01_HRMLogin: ***************** HRM Page Error ********************
2022-06-17 13:48:49,504: ERROR: Test_01_HRMLogin: ***************** HRM Failed ********************
2022-06-17 13:50:12,959: INFO: Test_01_HRMLogin: ***************** HRMLogin_title_Check ********************
2022-06-17 13:50:12,960: INFO: Test_01_HRMLogin: ***************** test_001_LoginHRMTitle ********************
2022-06-17 13:50:25,007: INFO: Test_01_HRMLogin: ***************** HRMLogin is successfull ********************
2022-06-17 13:50:27,854: INFO: Test_01_HRMLogin: ***************** HRMLogin ********************
2022-06-17 13:50:27,855: INFO: Test_01_HRMLogin: ***************** test_002_LoginHRM ********************
2022-06-17 13:50:33,157: INFO: Test_01_HRMLogin: ***************** Login into HRM ********************
2022-06-17 13:50:38,732: INFO: Test_01_HRMLogin: ***************** HRMLogin is successfull ********************
2022-06-17 13:50:39,096: ERROR: Test_01_HRMLogin: ***************** HRM Page Error ********************
2022-06-17 13:51:03,211: ERROR: Test_01_HRMLogin: ***************** HRM Failed ********************
2022-06-17 14:36:40,215: INFO: Test_01_HRMLogin: ***************** HRMLogin_title_Check ********************
2022-06-17 14:36:40,294: INFO: Test_01_HRMLogin: ***************** test_001_LoginHRMTitle ********************
2022-06-17 14:36:50,329: INFO: Test_01_HRMLogin: ***************** HRMLogin is successfull ********************
2022-06-17 14:36:53,407: INFO: Test_01_HRMLogin: ***************** HRMLogin ********************
2022-06-17 14:36:53,407: INFO: Test_01_HRMLogin: ***************** test_002_LoginHRM ********************
2022-06-17 14:36:57,761: INFO: Test_01_HRMLogin: ***************** Login into HRM ********************
2022-06-17 14:37:00,031: INFO: Test_01_HRMLogin: ***************** HRMLogin is successfull ********************
2022-06-17 14:37:00,438: ERROR: Test_01_HRMLogin: ***************** HRM Page Error ********************
2022-06-17 14:38:44,419: INFO: Test_01_HRMLogin: ***************** HRMLogin_title_Check ********************
2022-06-17 14:38:44,419: INFO: Test_01_HRMLogin: ***************** test_001_LoginHRMTitle ********************
2022-06-17 14:38:56,190: INFO: Test_01_HRMLogin: ***************** HRMLogin is successfull ********************
2022-06-17 14:38:59,034: INFO: Test_01_HRMLogin: ***************** HRMLogin ********************
2022-06-17 14:38:59,035: INFO: Test_01_HRMLogin: ***************** test_002_LoginHRM ********************
2022-06-17 14:39:04,614: INFO: Test_01_HRMLogin: ***************** Login into HRM ********************
2022-06-17 14:39:09,589: INFO: Test_01_HRMLogin: ***************** HRMLogin is successfull ********************
2022-06-17 14:39:09,946: ERROR: Test_01_HRMLogin: ***************** HRM Page Error ********************
2022-06-17 14:41:16,201: INFO: Test_01_HRMLogin: ***************** HRMLogin_title_Check ********************
2022-06-17 14:41:16,201: INFO: Test_01_HRMLogin: ***************** test_001_LoginHRMTitle ********************
2022-06-17 14:41:26,940: INFO: Test_01_HRMLogin: ***************** HRMLogin is successfull ********************
2022-06-17 14:41:30,066: INFO: Test_01_HRMLogin: ***************** HRMLogin ********************
2022-06-17 14:41:30,066: INFO: Test_01_HRMLogin: ***************** test_002_LoginHRM ********************
2022-06-17 14:41:35,576: INFO: Test_01_HRMLogin: ***************** Login into HRM ********************
2022-06-17 14:41:40,252: INFO: Test_01_HRMLogin: ***************** HRMLogin is successfull ********************
2022-06-17 14:41:40,630: ERROR: Test_01_HRMLogin: ***************** HRM Page Error ********************
2022-06-17 14:41:55,448: ERROR: Test_01_HRMLogin: ***************** HRM Failed ********************
2022-06-17 14:44:47,806: INFO: Test_01_HRMLogin: ***************** HRMLogin_title_Check ********************
2022-06-17 14:44:47,806: INFO: Test_01_HRMLogin: ***************** test_001_LoginHRMTitle ********************
2022-06-17 14:45:06,424: INFO: Test_01_HRMLogin: ***************** HRMLogin is successfull ********************
2022-06-17 14:45:09,470: INFO: Test_01_HRMLogin: ***************** HRMLogin ********************
2022-06-17 14:45:09,470: INFO: Test_01_HRMLogin: ***************** test_002_LoginHRM ********************
2022-06-17 14:45:14,752: INFO: Test_01_HRMLogin: ***************** Login into HRM ********************
2022-06-17 14:45:19,510: INFO: Test_01_HRMLogin: ***************** HRMLogin is successfull ********************
2022-06-17 14:45:19,887: ERROR: Test_01_HRMLogin: ***************** HRM Page Error ********************
2022-06-17 14:46:08,027: INFO: Test_01_HRMLogin: ***************** HRMLogin_title_Check ********************
2022-06-17 14:46:08,027: INFO: Test_01_HRMLogin: ***************** test_001_LoginHRMTitle ********************
2022-06-17 14:46:25,667: INFO: Test_01_HRMLogin: ***************** HRMLogin is successfull ********************
2022-06-17 14:46:29,076: INFO: Test_01_HRMLogin: ***************** HRMLogin ********************
2022-06-17 14:46:29,076: INFO: Test_01_HRMLogin: ***************** test_002_LoginHRM ********************
2022-06-17 14:46:33,897: INFO: Test_01_HRMLogin: ***************** Login into HRM ********************
2022-06-17 14:46:38,582: INFO: Test_01_HRMLogin: ***************** HRMLogin is successfull ********************
2022-06-17 14:46:38,986: ERROR: Test_01_HRMLogin: ***************** HRM Page Error ********************
2022-06-17 14:50:08,267: INFO: Test_01_HRMLogin: ***************** HRMLogin_title_Check ********************
2022-06-17 14:50:08,445: INFO: Test_01_HRMLogin: ***************** test_001_LoginHRMTitle ********************
2022-06-17 14:50:21,145: INFO: Test_01_HRMLogin: ***************** HRMLogin is unsuccessfull ********************
2022-06-17 14:50:26,255: INFO: Test_01_HRMLogin: ***************** HRMLogin ********************
2022-06-17 14:50:26,255: INFO: Test_01_HRMLogin: ***************** test_002_LoginHRM ********************
2022-06-17 14:50:31,919: INFO: Test_01_HRMLogin: ***************** Login into HRM ********************
2022-06-17 14:50:36,654: INFO: Test_01_HRMLogin: ***************** HRMLogin is successfull ********************
2022-06-17 14:50:37,012: ERROR: Test_01_HRMLogin: ***************** HRM Page Error ********************
2022-06-17 14:54:49,742: INFO: Test_01_HRMLogin: ***************** HRMLogin_title_Check ********************
2022-06-17 14:54:49,742: INFO: Test_01_HRMLogin: ***************** test_001_LoginHRMTitle ********************
2022-06-17 14:55:00,794: INFO: Test_01_HRMLogin: ***************** HRMLogin is successfull ********************
2022-06-17 14:55:04,038: INFO: Test_01_HRMLogin: ***************** HRMLogin ********************
2022-06-17 14:55:04,038: INFO: Test_01_HRMLogin: ***************** test_002_LoginHRM ********************
2022-06-17 14:55:08,806: INFO: Test_01_HRMLogin: ***************** Login into HRM ********************
2022-06-17 14:55:13,240: INFO: Test_01_HRMLogin: ***************** HRMLogin is successfull ********************
2022-06-17 14:55:13,592: ERROR: Test_01_HRMLogin: ***************** HRM Page Error ********************
2022-06-17 14:55:25,195: ERROR: Test_01_HRMLogin: ***************** HRM Failed ********************
2022-06-17 20:46:37,027: INFO: Test_002_DDT_HRM_Login: ************ Test_002_DDT_HRM_Login **************
2022-06-17 20:46:37,035: INFO: Test_002_DDT_HRM_Login: ************ test_002_DDT_HRM_Login **************
2022-06-17 20:48:24,946: INFO: Test_002_DDT_HRM_Login: ************ Test_002_DDT_HRM_Login **************
2022-06-17 20:48:24,947: INFO: Test_002_DDT_HRM_Login: ************ test_002_DDT_HRM_Login **************
2022-06-17 20:48:35,225: INFO: Test_002_DDT_HRM_Login: ************ DDT_HRM_Login is passed **************
2022-06-17 20:48:49,303: INFO: Test_002_DDT_HRM_Login: ************ DDT_HRM_Login is passed **************
2022-06-17 20:48:56,233: INFO: Test_002_DDT_HRM_Login: ************ DDT_HRM_Login is passed **************
2022-06-17 20:49:03,153: INFO: Test_002_DDT_HRM_Login: ************ DDT_HRM_Login is passed **************
2022-06-17 20:49:03,153: INFO: Test_002_DDT_HRM_Login: ************ DDT_HRM_Login is PASSED **************
2022-06-17 20:51:39,469: INFO: Test_002_DDT_HRM_Login: ************ Test_002_DDT_HRM_Login **************
2022-06-17 20:51:39,470: INFO: Test_002_DDT_HRM_Login: ************ test_002_DDT_HRM_Login **************
2022-06-17 20:51:49,799: INFO: Test_002_DDT_HRM_Login: ************ DDT_HRM_Login is passed **************
2022-06-17 20:52:04,433: INFO: Test_002_DDT_HRM_Login: ************ DDT_HRM_Login is passed **************
2022-06-17 20:52:11,491: INFO: Test_002_DDT_HRM_Login: ************ DDT_HRM_Login is passed **************
2022-06-17 20:52:18,564: INFO: Test_002_DDT_HRM_Login: ************ DDT_HRM_Login is passed **************
2022-06-17 20:52:18,579: INFO: Test_002_DDT_HRM_Login: ************ DDT_HRM_Login is PASSED **************
2022-06-17 20:57:25,446: INFO: Test_002_DDT_HRM_Login: ************ Test_002_DDT_HRM_Login **************
2022-06-17 20:57:25,447: INFO: Test_002_DDT_HRM_Login: ************ test_002_DDT_HRM_Login **************
2022-06-17 21:00:04,099: INFO: Test_002_DDT_HRM_Login: ************ Test_002_DDT_HRM_Login **************
2022-06-17 21:00:04,100: INFO: Test_002_DDT_HRM_Login: ************ test_002_DDT_HRM_Login **************
2022-06-17 21:00:14,321: INFO: Test_002_DDT_HRM_Login: ************ DDT_HRM_Login is passed **************
2022-06-17 21:00:29,084: INFO: Test_002_DDT_HRM_Login: ************ DDT_HRM_Login is passed **************
2022-06-17 21:00:36,189: INFO: Test_002_DDT_HRM_Login: ************ DDT_HRM_Login is passed **************
2022-06-17 21:00:43,195: INFO: Test_002_DDT_HRM_Login: ************ DDT_HRM_Login is passed **************
2022-06-17 21:00:43,195: INFO: Test_002_DDT_HRM_Login: ************ DDT_HRM_Login is PASSED **************
2022-06-17 21:02:31,269: INFO: Test_002_DDT_HRM_Login: ************ Test_002_DDT_HRM_Login **************
2022-06-17 21:02:31,269: INFO: Test_002_DDT_HRM_Login: ************ test_002_DDT_HRM_Login **************
2022-06-17 21:02:41,045: INFO: Test_002_DDT_HRM_Login: ************ DDT_HRM_Login is passed **************
2022-06-17 21:02:55,884: INFO: Test_002_DDT_HRM_Login: ************ DDT_HRM_Login is passed **************
2022-06-17 21:03:03,297: INFO: Test_002_DDT_HRM_Login: ************ DDT_HRM_Login is passed **************
2022-06-17 21:03:10,304: INFO: Test_002_DDT_HRM_Login: ************ DDT_HRM_Login is passed **************
2022-06-17 21:03:10,304: INFO: Test_002_DDT_HRM_Login: ************ DDT_HRM_Login is PASSED **************
2022-06-17 21:05:48,972: INFO: Test_002_DDT_HRM_Login: ************ Test_002_DDT_HRM_Login **************
2022-06-17 21:05:48,973: INFO: Test_002_DDT_HRM_Login: ************ test_002_DDT_HRM_Login **************
2022-06-17 21:05:59,078: INFO: Test_002_DDT_HRM_Login: ************ DDT_HRM_Login is passed **************
2022-06-17 21:06:14,163: INFO: Test_002_DDT_HRM_Login: ************ DDT_HRM_Login is passed **************
2022-06-17 21:06:21,228: INFO: Test_002_DDT_HRM_Login: ************ DDT_HRM_Login is passed **************
2022-06-17 21:06:28,318: INFO: Test_002_DDT_HRM_Login: ************ DDT_HRM_Login is passed **************
2022-06-17 21:06:28,318: INFO: Test_002_DDT_HRM_Login: ************ DDT_HRM_Login is PASSED **************
2022-06-21 09:50:03,146: INFO: Test_EmrgncyContacts: **************** Test_EmrgncyContacts *****************
2022-06-21 09:50:03,240: INFO: Test_EmrgncyContacts: **************** test_003_emrgncyContacts *****************
2022-06-21 09:50:13,226: INFO: Test_EmrgncyContacts: **************** Login is successfull *****************
2022-06-21 09:50:13,226: INFO: Test_EmrgncyContacts: **************** Writing First Emergency contacts *****************
2022-06-21 09:50:21,604: INFO: Test_EmrgncyContacts: **************** Writing SECOND Emergency Contacts *****************
2022-06-21 09:55:39,080: INFO: Test_EmrgncyContacts: **************** Test_EmrgncyContacts *****************
2022-06-21 09:55:39,103: INFO: Test_EmrgncyContacts: **************** test_003_emrgncyContacts *****************
2022-06-21 09:55:48,757: INFO: Test_EmrgncyContacts: **************** Login is successfull *****************
2022-06-21 09:55:48,758: INFO: Test_EmrgncyContacts: **************** Writing First Emergency contacts *****************
2022-06-21 09:55:57,130: INFO: Test_EmrgncyContacts: **************** Writing SECOND Emergency Contacts *****************
2022-06-21 09:58:45,035: INFO: Test_EmrgncyContacts: **************** Test_EmrgncyContacts *****************
2022-06-21 09:58:45,036: INFO: Test_EmrgncyContacts: **************** test_003_emrgncyContacts *****************
2022-06-21 09:58:54,899: INFO: Test_EmrgncyContacts: **************** Login is successfull *****************
2022-06-21 09:58:54,901: INFO: Test_EmrgncyContacts: **************** Writing First Emergency contacts *****************
2022-06-21 10:00:26,839: INFO: Test_EmrgncyContacts: **************** Test_EmrgncyContacts *****************
2022-06-21 10:00:26,841: INFO: Test_EmrgncyContacts: **************** test_003_emrgncyContacts *****************
2022-06-21 10:00:37,896: INFO: Test_EmrgncyContacts: **************** Login is successfull *****************
2022-06-21 10:00:37,897: INFO: Test_EmrgncyContacts: **************** Writing First Emergency contacts *****************
2022-06-21 10:01:40,976: INFO: Test_EmrgncyContacts: **************** Test_EmrgncyContacts *****************
2022-06-21 10:01:40,976: INFO: Test_EmrgncyContacts: **************** test_003_emrgncyContacts *****************
2022-06-21 10:01:50,639: INFO: Test_EmrgncyContacts: **************** Login is successfull *****************
2022-06-21 10:01:50,640: INFO: Test_EmrgncyContacts: **************** Writing First Emergency contacts *****************
2022-06-21 10:02:05,734: INFO: Test_EmrgncyContacts: **************** Writing SECOND Emergency Contacts *****************
2022-06-21 10:02:13,718: INFO: Test_EmrgncyContacts: **************** Writing Third Emergency Contacts *****************
2022-06-21 10:03:38,225: INFO: Test_EmrgncyContacts: **************** Test_EmrgncyContacts *****************
2022-06-21 10:03:38,293: INFO: Test_EmrgncyContacts: **************** test_003_emrgncyContacts *****************
2022-06-21 10:03:48,162: INFO: Test_EmrgncyContacts: **************** Login is successfull *****************
2022-06-21 10:03:48,163: INFO: Test_EmrgncyContacts: **************** Writing First Emergency contacts *****************
2022-06-21 10:04:03,463: INFO: Test_EmrgncyContacts: **************** Writing SECOND Emergency Contacts *****************
2022-06-21 10:04:12,253: INFO: Test_EmrgncyContacts: **************** Writing Third Emergency Contacts *****************
2022-06-21 10:04:24,449: INFO: Test_EmrgncyContacts: **************** Writing Fourth Emergency Contacts *****************
2022-06-21 10:05:32,863: INFO: Test_EmrgncyContacts: **************** Test_EmrgncyContacts *****************
2022-06-21 10:05:32,863: INFO: Test_EmrgncyContacts: **************** test_003_emrgncyContacts *****************
2022-06-21 10:05:42,186: INFO: Test_EmrgncyContacts: **************** Login is successfull *****************
2022-06-21 10:05:42,187: INFO: Test_EmrgncyContacts: **************** Writing First Emergency contacts *****************
2022-06-21 10:05:56,846: INFO: Test_EmrgncyContacts: **************** Writing SECOND Emergency Contacts *****************
2022-06-21 10:06:05,294: INFO: Test_EmrgncyContacts: **************** Writing Third Emergency Contacts *****************
2022-06-21 10:06:17,632: INFO: Test_EmrgncyContacts: **************** Writing Fourth Emergency Contacts *****************
2022-06-21 10:12:08,152: INFO: Test_EmrgncyContacts: **************** Test_EmrgncyContacts *****************
2022-06-21 10:12:08,448: INFO: Test_EmrgncyContacts: **************** test_003_emrgncyContacts *****************
2022-06-21 10:12:18,788: INFO: Test_EmrgncyContacts: **************** Login is successfull *****************
2022-06-21 10:12:18,789: INFO: Test_EmrgncyContacts: **************** Writing First Emergency contacts *****************
2022-06-21 10:12:34,952: INFO: Test_EmrgncyContacts: **************** Writing SECOND Emergency Contacts *****************
2022-06-21 10:12:42,924: INFO: Test_EmrgncyContacts: **************** Writing Third Emergency Contacts *****************
2022-06-21 10:12:55,061: INFO: Test_EmrgncyContacts: **************** Writing Fourth Emergency Contacts *****************
2022-06-21 10:15:22,944: INFO: Test_EmrgncyContacts: **************** Test_EmrgncyContacts *****************
2022-06-21 10:15:22,944: INFO: Test_EmrgncyContacts: **************** test_003_emrgncyContacts *****************
2022-06-21 10:15:33,352: INFO: Test_EmrgncyContacts: **************** Login is successfull *****************
2022-06-21 10:15:33,352: INFO: Test_EmrgncyContacts: **************** Writing First Emergency contacts *****************
2022-06-21 10:15:48,409: INFO: Test_EmrgncyContacts: **************** Writing SECOND Emergency Contacts *****************
2022-06-21 10:15:56,883: INFO: Test_EmrgncyContacts: **************** Writing Third Emergency Contacts *****************
2022-06-21 10:16:08,758: INFO: Test_EmrgncyContacts: **************** Writing Fourth Emergency Contacts *****************
2022-06-21 10:20:36,655: INFO: Test_EmrgncyContacts: **************** Test_EmrgncyContacts *****************
2022-06-21 10:20:36,670: INFO: Test_EmrgncyContacts: **************** test_003_emrgncyContacts *****************
2022-06-21 10:20:48,973: INFO: Test_EmrgncyContacts: **************** Login is successfull *****************
2022-06-21 10:20:48,974: INFO: Test_EmrgncyContacts: **************** Writing First Emergency contacts *****************
2022-06-21 10:21:03,476: INFO: Test_EmrgncyContacts: **************** Writing SECOND Emergency Contacts *****************
2022-06-21 10:21:11,420: INFO: Test_EmrgncyContacts: **************** Writing Third Emergency Contacts *****************
2022-06-21 10:21:22,929: INFO: Test_EmrgncyContacts: **************** Writing Fourth Emergency Contacts *****************
2022-06-21 10:21:41,436: INFO: Test_EmrgncyContacts: **************** Emergency Contacts Is COMPLETED *****************
2022-06-21 10:22:44,259: INFO: Test_EmrgncyContacts: **************** Test_EmrgncyContacts *****************
2022-06-21 10:22:44,259: INFO: Test_EmrgncyContacts: **************** test_003_emrgncyContacts *****************
2022-06-21 10:22:57,994: INFO: Test_EmrgncyContacts: **************** Login is successfull *****************
2022-06-21 10:22:57,994: INFO: Test_EmrgncyContacts: **************** Writing First Emergency contacts *****************
2022-06-21 10:23:07,838: INFO: Test_EmrgncyContacts: **************** Writing SECOND Emergency Contacts *****************
2022-06-21 10:23:10,935: INFO: Test_EmrgncyContacts: **************** Writing Third Emergency Contacts *****************
2022-06-21 10:23:18,479: INFO: Test_EmrgncyContacts: **************** Writing Fourth Emergency Contacts *****************
2022-06-21 10:23:32,417: INFO: Test_EmrgncyContacts: **************** Emergency Contacts Is COMPLETED *****************
2022-06-21 10:25:17,892: INFO: Test_EmrgncyContacts: **************** Test_EmrgncyContacts *****************
2022-06-21 10:25:17,892: INFO: Test_EmrgncyContacts: **************** test_003_emrgncyContacts *****************
2022-06-21 10:25:30,397: INFO: Test_EmrgncyContacts: **************** Login is successfull *****************
2022-06-21 10:25:30,397: INFO: Test_EmrgncyContacts: **************** Writing First Emergency contacts *****************
2022-06-21 10:25:40,674: INFO: Test_EmrgncyContacts: **************** Writing SECOND Emergency Contacts *****************
2022-06-21 10:25:43,778: INFO: Test_EmrgncyContacts: **************** Writing Third Emergency Contacts *****************
2022-06-21 10:25:51,196: INFO: Test_EmrgncyContacts: **************** Writing Fourth Emergency Contacts *****************
2022-06-21 10:26:05,587: INFO: Test_EmrgncyContacts: **************** Emergency Contacts Is COMPLETED *****************
2022-06-21 10:26:40,609: INFO: Test_EmrgncyContacts: **************** Test_EmrgncyContacts *****************
2022-06-21 10:26:40,610: INFO: Test_EmrgncyContacts: **************** test_003_emrgncyContacts *****************
2022-06-21 10:26:52,776: INFO: Test_EmrgncyContacts: **************** Login is successfull *****************
2022-06-21 10:26:52,776: INFO: Test_EmrgncyContacts: **************** Writing First Emergency contacts *****************
2022-06-21 10:27:02,957: INFO: Test_EmrgncyContacts: **************** Writing SECOND Emergency Contacts *****************
2022-06-21 10:27:06,675: INFO: Test_EmrgncyContacts: **************** Writing Third Emergency Contacts *****************
2022-06-21 10:27:14,212: INFO: Test_EmrgncyContacts: **************** Writing Fourth Emergency Contacts *****************
2022-06-21 10:29:26,237: INFO: Test_EmrgncyContacts: **************** Test_EmrgncyContacts *****************
2022-06-21 10:29:26,237: INFO: Test_EmrgncyContacts: **************** test_003_emrgncyContacts *****************
2022-06-21 10:29:38,693: INFO: Test_EmrgncyContacts: **************** Login is successfull *****************
2022-06-21 10:29:38,694: INFO: Test_EmrgncyContacts: **************** Writing First Emergency contacts *****************
2022-06-21 10:29:47,169: INFO: Test_EmrgncyContacts: **************** Writing SECOND Emergency Contacts *****************
2022-06-21 10:29:50,272: INFO: Test_EmrgncyContacts: **************** Writing Third Emergency Contacts *****************
2022-06-21 10:29:56,760: INFO: Test_EmrgncyContacts: **************** Writing Fourth Emergency Contacts *****************
2022-06-21 10:31:48,856: INFO: Test_EmrgncyContacts: **************** Test_EmrgncyContacts *****************
2022-06-21 10:31:48,856: INFO: Test_EmrgncyContacts: **************** test_003_emrgncyContacts *****************
2022-06-21 10:31:59,435: INFO: Test_EmrgncyContacts: **************** Login is successfull *****************
2022-06-21 10:31:59,436: INFO: Test_EmrgncyContacts: **************** Writing First Emergency contacts *****************
2022-06-21 11:56:10,021: INFO: Test_EmrgncyContacts: **************** Test_EmrgncyContacts *****************
2022-06-21 11:56:10,029: INFO: Test_EmrgncyContacts: **************** test_003_emrgncyContacts *****************
2022-06-21 11:57:07,561: INFO: Test_EmrgncyContacts: **************** Test_EmrgncyContacts *****************
2022-06-21 11:57:07,561: INFO: Test_EmrgncyContacts: **************** test_003_emrgncyContacts *****************
2022-06-21 11:57:16,518: INFO: Test_EmrgncyContacts: **************** Login is successfull *****************
2022-06-21 11:57:16,518: INFO: Test_EmrgncyContacts: **************** Writing First Emergency contacts *****************
2022-06-21 13:39:53,107: INFO: Test_EmrgncyContacts: **************** Test_EmrgncyContacts *****************
2022-06-21 13:39:53,138: INFO: Test_EmrgncyContacts: **************** test_003_emrgncyContacts *****************
2022-06-21 13:40:00,665: INFO: Test_EmrgncyContacts: **************** Login is successfull *****************
2022-06-21 13:40:00,665: INFO: Test_EmrgncyContacts: **************** Writing First Emergency contacts *****************
2022-06-21 13:41:31,725: INFO: Test_EmrgncyContacts: **************** Test_EmrgncyContacts *****************
2022-06-21 13:41:31,725: INFO: Test_EmrgncyContacts: **************** test_003_emrgncyContacts *****************
2022-06-21 13:41:41,993: INFO: Test_EmrgncyContacts: **************** Login is successfull *****************
2022-06-21 13:41:41,993: INFO: Test_EmrgncyContacts: **************** Writing First Emergency contacts *****************
2022-06-21 13:41:49,313: INFO: Test_EmrgncyContacts: **************** Writing SECOND Emergency Contacts *****************
2022-06-21 13:41:52,129: INFO: Test_EmrgncyContacts: **************** Writing Third Emergency Contacts *****************
2022-06-21 13:42:01,103: INFO: Test_EmrgncyContacts: **************** Writing Fourth Emergency Contacts *****************
2022-06-21 13:42:14,244: INFO: Test_EmrgncyContacts: **************** Emergency Contacts Is COMPLETED *****************
2022-06-23 23:40:06,345: INFO: Test_01_HRMLogin: ***************** HRMLogin_title_Check ********************
2022-06-23 23:40:06,405: INFO: Test_01_HRMLogin: ***************** test_001_LoginHRMTitle ********************
2022-06-23 23:40:17,001: INFO: Test_01_HRMLogin: ***************** HRMLogin is successfull ********************
2022-06-23 23:40:21,255: INFO: Test_01_HRMLogin: ***************** HRMLogin ********************
2022-06-23 23:40:21,257: INFO: Test_01_HRMLogin: ***************** test_002_LoginHRM ********************
2022-06-23 23:40:26,026: INFO: Test_01_HRMLogin: ***************** Login into HRM ********************
2022-06-23 23:40:30,370: INFO: Test_01_HRMLogin: ***************** HRMLogin is successfull ********************
2022-06-24 10:25:33,872: INFO: Test_01_HRMLogin: ***************** HRMLogin_title_Check ********************
2022-06-24 10:25:33,914: INFO: Test_01_HRMLogin: ***************** test_001_LoginHRMTitle ********************
2022-06-24 10:25:43,853: INFO: Test_01_HRMLogin: ***************** HRMLogin is successfull ********************
2022-06-24 10:25:47,759: INFO: Test_01_HRMLogin: ***************** HRMLogin ********************
2022-06-24 10:25:47,760: INFO: Test_01_HRMLogin: ***************** test_002_LoginHRM ********************
2022-06-24 10:25:52,512: INFO: Test_01_HRMLogin: ***************** Login into HRM ********************
2022-06-24 10:25:56,858: INFO: Test_01_HRMLogin: ***************** HRMLogin is successfull ********************
2022-06-24 10:28:47,419: INFO: Test_01_HRMLogin: ***************** HRMLogin_title_Check ********************
2022-06-24 10:28:47,419: INFO: Test_01_HRMLogin: ***************** test_001_LoginHRMTitle ********************
2022-06-24 10:28:56,789: INFO: Test_01_HRMLogin: ***************** HRMLogin is successfull ********************
2022-06-24 10:29:00,836: INFO: Test_01_HRMLogin: ***************** HRMLogin ********************
2022-06-24 10:29:00,838: INFO: Test_01_HRMLogin: ***************** test_002_LoginHRM ********************
2022-06-24 10:29:05,032: INFO: Test_01_HRMLogin: ***************** Login into HRM ********************
2022-06-24 10:29:09,878: INFO: Test_01_HRMLogin: ***************** HRMLogin is successfull ********************
2022-06-24 10:31:12,231: INFO: Test_01_HRMLogin: ***************** HRMLogin_title_Check ********************
2022-06-24 10:31:12,231: INFO: Test_01_HRMLogin: ***************** test_001_LoginHRMTitle ********************
2022-06-24 10:31:22,693: INFO: Test_01_HRMLogin: ***************** HRMLogin is successfull ********************
2022-06-24 10:31:26,593: INFO: Test_01_HRMLogin: ***************** HRMLogin ********************
2022-06-24 10:31:26,594: INFO: Test_01_HRMLogin: ***************** test_002_LoginHRM ********************
2022-06-24 10:31:31,789: INFO: Test_01_HRMLogin: ***************** Login into HRM ********************
2022-06-24 10:31:34,648: INFO: Test_01_HRMLogin: ***************** HRMLogin is successfull ********************
2022-06-24 10:34:16,458: INFO: Test_01_HRMLogin: ***************** HRMLogin_title_Check ********************
2022-06-24 10:34:16,476: INFO: Test_01_HRMLogin: ***************** test_001_LoginHRMTitle ********************
2022-06-24 10:34:26,385: INFO: Test_01_HRMLogin: ***************** HRMLogin is successfull ********************
2022-06-24 10:34:29,777: INFO: Test_01_HRMLogin: ***************** HRMLogin ********************
2022-06-24 10:34:29,777: INFO: Test_01_HRMLogin: ***************** test_002_LoginHRM ********************
2022-06-24 10:34:34,781: INFO: Test_01_HRMLogin: ***************** Login into HRM ********************
2022-06-24 10:34:39,032: INFO: Test_01_HRMLogin: ***************** HRMLogin is successfull ********************
2022-06-24 10:38:06,030: INFO: Test_01_HRMLogin: ***************** HRMLogin_title_Check ********************
2022-06-24 10:38:06,031: INFO: Test_01_HRMLogin: ***************** test_001_LoginHRMTitle ********************
2022-06-24 10:38:15,677: INFO: Test_01_HRMLogin: ***************** HRMLogin is successfull ********************
2022-06-24 10:38:19,356: INFO: Test_01_HRMLogin: ***************** HRMLogin ********************
2022-06-24 10:38:19,356: INFO: Test_01_HRMLogin: ***************** test_002_LoginHRM ********************
2022-06-24 10:38:23,735: INFO: Test_01_HRMLogin: ***************** Login into HRM ********************
2022-06-24 10:38:28,774: INFO: Test_01_HRMLogin: ***************** HRMLogin is successfull ********************
2022-06-24 10:38:28,897: INFO: Test_01_HRMLogin: ***************** HRMLogin Myinfo Page ********************
2022-06-24 10:40:21,670: INFO: Test_01_HRMLogin: ***************** HRMLogin_title_Check ********************
2022-06-24 10:40:21,670: INFO: Test_01_HRMLogin: ***************** test_001_LoginHRMTitle ********************
2022-06-24 10:40:31,622: INFO: Test_01_HRMLogin: ***************** HRMLogin is successfull ********************
2022-06-24 10:40:35,921: INFO: Test_01_HRMLogin: ***************** HRMLogin ********************
2022-06-24 10:40:35,922: INFO: Test_01_HRMLogin: ***************** test_002_LoginHRM ********************
2022-06-24 10:40:40,018: INFO: Test_01_HRMLogin: ***************** Login into HRM ********************
2022-06-24 10:40:44,494: INFO: Test_01_HRMLogin: ***************** HRMLogin is successfull ********************
2022-06-24 10:42:51,439: INFO: Test_01_HRMLogin: ***************** HRMLogin_title_Check ********************
2022-06-24 10:42:51,439: INFO: Test_01_HRMLogin: ***************** test_001_LoginHRMTitle ********************
2022-06-24 10:43:01,602: INFO: Test_01_HRMLogin: ***************** HRMLogin is successfull ********************
2022-06-24 10:43:05,625: INFO: Test_01_HRMLogin: ***************** HRMLogin ********************
2022-06-24 10:43:05,625: INFO: Test_01_HRMLogin: ***************** test_002_LoginHRM ********************
2022-06-24 10:43:11,270: INFO: Test_01_HRMLogin: ***************** Login into HRM ********************
2022-06-24 10:43:17,620: INFO: Test_01_HRMLogin: ***************** HRMLogin is successfull ********************
2022-06-24 10:44:32,532: INFO: Test_01_HRMLogin: ***************** HRMLogin_title_Check ********************
2022-06-24 10:44:32,548: INFO: Test_01_HRMLogin: ***************** test_001_LoginHRMTitle ********************
2022-06-24 10:44:45,167: INFO: Test_01_HRMLogin: ***************** HRMLogin is successfull ********************
2022-06-24 10:44:49,353: INFO: Test_01_HRMLogin: ***************** HRMLogin ********************
2022-06-24 10:44:49,353: INFO: Test_01_HRMLogin: ***************** test_002_LoginHRM ********************
2022-06-24 10:44:55,957: INFO: Test_01_HRMLogin: ***************** Login into HRM ********************
2022-06-24 10:45:01,283: INFO: Test_01_HRMLogin: ***************** HRMLogin is successfull ********************
2022-06-24 10:46:34,025: INFO: Test_01_HRMLogin: ***************** HRMLogin_title_Check ********************
2022-06-24 10:46:34,025: INFO: Test_01_HRMLogin: ***************** test_001_LoginHRMTitle ********************
2022-06-24 10:46:46,316: INFO: Test_01_HRMLogin: ***************** HRMLogin is successfull ********************
2022-06-24 10:46:49,617: INFO: Test_01_HRMLogin: ***************** HRMLogin ********************
2022-06-24 10:46:49,633: INFO: Test_01_HRMLogin: ***************** test_002_LoginHRM ********************
2022-06-24 10:46:57,195: INFO: Test_01_HRMLogin: ***************** Login into HRM ********************
2022-06-24 10:47:03,192: INFO: Test_01_HRMLogin: ***************** HRMLogin is successfull ********************
2022-06-24 10:49:05,051: INFO: Test_01_HRMLogin: ***************** HRMLogin_title_Check ********************
2022-06-24 10:49:05,051: INFO: Test_01_HRMLogin: ***************** test_001_LoginHRMTitle ********************
2022-06-24 10:49:17,241: INFO: Test_01_HRMLogin: ***************** HRMLogin is successfull ********************
2022-06-24 10:49:21,162: INFO: Test_01_HRMLogin: ***************** HRMLogin ********************
2022-06-24 10:49:21,162: INFO: Test_01_HRMLogin: ***************** test_002_LoginHRM ********************
2022-06-24 10:49:27,295: INFO: Test_01_HRMLogin: ***************** Login into HRM ********************
2022-06-24 10:49:32,011: INFO: Test_01_HRMLogin: ***************** HRMLogin is successfull ********************
2022-06-24 10:49:32,158: INFO: Test_01_HRMLogin: ***************** HRMLogin Myinfo Page ********************
2022-06-24 10:51:19,465: INFO: Test_01_HRMLogin: ***************** HRMLogin_title_Check ********************
2022-06-24 10:51:19,465: INFO: Test_01_HRMLogin: ***************** test_001_LoginHRMTitle ********************
2022-06-24 10:51:31,630: INFO: Test_01_HRMLogin: ***************** HRMLogin is successfull ********************
2022-06-24 10:51:34,737: INFO: Test_01_HRMLogin: ***************** HRMLogin ********************
2022-06-24 10:51:34,737: INFO: Test_01_HRMLogin: ***************** test_002_LoginHRM ********************
2022-06-24 10:51:41,228: INFO: Test_01_HRMLogin: ***************** Login into HRM ********************
2022-06-24 10:51:46,648: INFO: Test_01_HRMLogin: ***************** HRMLogin is successfull ********************
2022-06-24 10:51:47,045: ERROR: Test_01_HRMLogin: ***************** HRM Page Error ********************
2022-06-24 10:51:53,597: ERROR: Test_01_HRMLogin: ***************** HRM Failed ********************
2022-06-24 10:54:56,157: INFO: Test_01_HRMLogin: ***************** HRMLogin_title_Check ********************
2022-06-24 10:54:56,157: INFO: Test_01_HRMLogin: ***************** test_001_LoginHRMTitle ********************
2022-06-24 10:55:09,169: INFO: Test_01_HRMLogin: ***************** HRMLogin is successfull ********************
2022-06-24 10:55:12,558: INFO: Test_01_HRMLogin: ***************** HRMLogin ********************
2022-06-24 10:55:12,558: INFO: Test_01_HRMLogin: ***************** test_002_LoginHRM ********************
2022-06-24 10:55:19,133: INFO: Test_01_HRMLogin: ***************** Login into HRM ********************
2022-06-24 10:55:23,943: INFO: Test_01_HRMLogin: ***************** HRMLogin is successfull ********************
2022-06-24 10:55:24,354: ERROR: Test_01_HRMLogin: ***************** HRM Page Error ********************
2022-06-24 10:55:30,804: ERROR: Test_01_HRMLogin: ***************** HRM Failed ********************
2022-06-24 11:14:19,092: INFO: Test_01_HRMLogin: ***************** HRMLogin_title_Check ********************
2022-06-24 11:14:19,092: INFO: Test_01_HRMLogin: ***************** test_001_LoginHRMTitle ********************
2022-06-24 11:14:31,888: INFO: Test_01_HRMLogin: ***************** HRMLogin is successfull ********************
2022-06-24 11:14:35,089: INFO: Test_01_HRMLogin: ***************** HRMLogin ********************
2022-06-24 11:14:35,089: INFO: Test_01_HRMLogin: ***************** test_002_LoginHRM ********************
2022-06-24 11:14:41,990: INFO: Test_01_HRMLogin: ***************** Login into HRM ********************
2022-06-24 11:14:47,405: INFO: Test_01_HRMLogin: ***************** HRMLogin is successfull ********************
2022-06-24 11:14:47,869: ERROR: Test_01_HRMLogin: ***************** HRM Page Error ********************
2022-06-24 11:14:54,414: ERROR: Test_01_HRMLogin: ***************** HRM Failed ********************
2022-06-24 11:16:28,573: INFO: Test_01_HRMLogin: ***************** HRMLogin_title_Check ********************
2022-06-24 11:16:28,573: INFO: Test_01_HRMLogin: ***************** test_001_LoginHRMTitle ********************
2022-06-24 11:16:41,563: INFO: Test_01_HRMLogin: ***************** HRMLogin is successfull ********************
2022-06-24 11:16:44,634: INFO: Test_01_HRMLogin: ***************** HRMLogin ********************
2022-06-24 11:16:44,634: INFO: Test_01_HRMLogin: ***************** test_002_LoginHRM ********************
2022-06-24 11:16:51,113: INFO: Test_01_HRMLogin: ***************** Login into HRM ********************
2022-06-24 11:16:55,590: INFO: Test_01_HRMLogin: ***************** HRMLogin is successfull ********************
2022-06-24 11:16:56,131: ERROR: Test_01_HRMLogin: ***************** HRM Page Error ********************
2022-06-24 11:17:03,146: ERROR: Test_01_HRMLogin: ***************** HRM Failed ********************
2022-06-24 11:28:13,402: INFO: Test_01_HRMLogin: ***************** HRMLogin_title_Check ********************
2022-06-24 11:28:13,402: INFO: Test_01_HRMLogin: ***************** test_001_LoginHRMTitle ********************
2022-06-24 11:28:26,113: INFO: Test_01_HRMLogin: ***************** HRMLogin is successfull ********************
2022-06-24 11:28:29,610: INFO: Test_01_HRMLogin: ***************** HRMLogin ********************
2022-06-24 11:28:29,610: INFO: Test_01_HRMLogin: ***************** test_002_LoginHRM ********************
2022-06-24 11:28:35,959: INFO: Test_01_HRMLogin: ***************** Login into HRM ********************
2022-06-24 11:28:41,255: INFO: Test_01_HRMLogin: ***************** HRMLogin is successfull ********************
2022-06-24 11:28:41,628: ERROR: Test_01_HRMLogin: ***************** HRM Page Error ********************
2022-06-24 11:28:48,087: ERROR: Test_01_HRMLogin: ***************** HRM Failed ********************
2022-06-24 12:32:15,483: INFO: Test_01_HRMLogin: ***************** HRMLogin_title_Check ********************
2022-06-24 12:32:15,483: INFO: Test_01_HRMLogin: ***************** test_001_LoginHRMTitle ********************
2022-06-24 12:32:25,605: INFO: Test_01_HRMLogin: ***************** HRMLogin is successfull ********************
2022-06-24 12:32:29,115: INFO: Test_01_HRMLogin: ***************** HRMLogin ********************
2022-06-24 12:32:29,115: INFO: Test_01_HRMLogin: ***************** test_002_LoginHRM ********************
2022-06-24 12:32:33,372: INFO: Test_01_HRMLogin: ***************** Login into HRM ********************
2022-06-24 12:32:36,031: INFO: Test_01_HRMLogin: ***************** HRMLogin is successfull ********************
2022-06-24 12:32:36,386: ERROR: Test_01_HRMLogin: ***************** HRM Page Error ********************
2022-06-24 12:34:10,272: INFO: Test_01_HRMLogin: ***************** HRMLogin_title_Check ********************
2022-06-24 12:34:10,287: INFO: Test_01_HRMLogin: ***************** test_001_LoginHRMTitle ********************
2022-06-24 12:34:20,523: INFO: Test_01_HRMLogin: ***************** HRMLogin is successfull ********************
2022-06-24 12:34:23,744: INFO: Test_01_HRMLogin: ***************** HRMLogin ********************
2022-06-24 12:34:23,759: INFO: Test_01_HRMLogin: ***************** test_002_LoginHRM ********************
2022-06-24 12:34:28,739: INFO: Test_01_HRMLogin: ***************** Login into HRM ********************
2022-06-24 12:34:33,263: INFO: Test_01_HRMLogin: ***************** HRMLogin is successfull ********************
2022-06-24 12:34:33,637: ERROR: Test_01_HRMLogin: ***************** HRM Page Error ********************
2022-06-24 12:34:39,968: ERROR: Test_01_HRMLogin: ***************** HRM Failed ********************
2022-06-24 12:39:02,698: INFO: Test_01_HRMLogin: ***************** HRMLogin_title_Check ********************
2022-06-24 12:39:02,698: INFO: Test_01_HRMLogin: ***************** test_001_LoginHRMTitle ********************
2022-06-24 12:39:12,521: INFO: Test_01_HRMLogin: ***************** HRMLogin is successfull ********************
2022-06-24 12:39:16,637: INFO: Test_01_HRMLogin: ***************** HRMLogin ********************
2022-06-24 12:39:16,652: INFO: Test_01_HRMLogin: ***************** test_002_LoginHRM ********************
2022-06-24 12:39:21,872: INFO: Test_01_HRMLogin: ***************** Login into HRM ********************
2022-06-24 12:39:26,639: INFO: Test_01_HRMLogin: ***************** HRMLogin is successfull ********************
2022-06-24 12:39:27,023: ERROR: Test_01_HRMLogin: ***************** HRM Page Error ********************
2022-06-24 12:39:33,520: ERROR: Test_01_HRMLogin: ***************** HRM Failed ********************
2022-06-30 18:56:55,480: INFO: Test_002_DDT_HRM_Login: ************ Test_002_DDT_HRM_Login **************
2022-06-30 18:56:55,494: INFO: Test_002_DDT_HRM_Login: ************ test_002_DDT_HRM_Login **************
2022-06-30 18:57:02,968: INFO: Test_002_DDT_HRM_Login: ************ DDT_HRM_Login is passed **************
2022-06-30 19:06:00,781: INFO: Test_002_DDT_HRM_Login: ************ Test_002_DDT_HRM_Login **************
2022-06-30 19:06:00,782: INFO: Test_002_DDT_HRM_Login: ************ test_002_DDT_HRM_Login **************
2022-06-30 19:06:10,077: INFO: Test_002_DDT_HRM_Login: ************ DDT_HRM_Login is passed **************
2022-06-30 19:56:23,399: INFO: Test_002_DDT_HRM_Login: ************ Test_002_DDT_HRM_Login **************
2022-06-30 19:56:23,430: INFO: Test_002_DDT_HRM_Login: ************ test_002_DDT_HRM_Login **************
2022-06-30 19:56:33,240: INFO: Test_002_DDT_HRM_Login: ************ DDT_HRM_Login is passed **************
2022-06-30 19:56:47,146: INFO: Test_002_DDT_HRM_Login: ************ DDT_HRM_Login is passed **************
2022-06-30 19:56:54,430: INFO: Test_002_DDT_HRM_Login: ************ DDT_HRM_Login is passed **************
2022-06-30 19:57:01,613: INFO: Test_002_DDT_HRM_Login: ************ DDT_HRM_Login is passed **************
2022-06-30 19:57:01,613: INFO: Test_002_DDT_HRM_Login: ************ DDT_HRM_Login is PASSED **************
2022-06-30 20:32:23,222: INFO: Test_002_DDT_HRM_Login: ************ Test_002_DDT_HRM_Login **************
2022-06-30 20:32:23,284: INFO: Test_002_DDT_HRM_Login: ************ test_002_DDT_HRM_Login **************
2022-06-30 20:32:31,039: INFO: Test_002_DDT_HRM_Login: ************ DDT_HRM_Login is failed **************
2022-06-30 20:32:38,272: INFO: Test_002_DDT_HRM_Login: ************ DDT_HRM_Login is passed **************
2022-06-30 20:32:45,402: INFO: Test_002_DDT_HRM_Login: ************ DDT_HRM_Login is passed **************
2022-06-30 20:32:52,262: INFO: Test_002_DDT_HRM_Login: ************ DDT_HRM_Login is passed **************
2022-06-30 20:32:52,262: INFO: Test_002_DDT_HRM_Login: ************ DDT_HRM_Login is failed **************
2022-06-30 20:35:10,816: INFO: Test_002_DDT_HRM_Login: ************ Test_002_DDT_HRM_Login **************
2022-06-30 20:35:10,817: INFO: Test_002_DDT_HRM_Login: ************ test_002_DDT_HRM_Login **************
2022-06-30 20:35:18,208: INFO: Test_002_DDT_HRM_Login: ************ DDT_HRM_Login is failed **************
2022-06-30 20:35:25,090: INFO: Test_002_DDT_HRM_Login: ************ DDT_HRM_Login is passed **************
2022-06-30 20:35:31,885: INFO: Test_002_DDT_HRM_Login: ************ DDT_HRM_Login is passed **************
2022-06-30 20:35:39,197: INFO: Test_002_DDT_HRM_Login: ************ DDT_HRM_Login is passed **************
2022-06-30 20:35:39,197: INFO: Test_002_DDT_HRM_Login: ************ DDT_HRM_Login is failed **************
2022-06-30 20:37:00,308: INFO: Test_002_DDT_HRM_Login: ************ Test_002_DDT_HRM_Login **************
2022-06-30 20:37:00,308: INFO: Test_002_DDT_HRM_Login: ************ test_002_DDT_HRM_Login **************
2022-06-30 20:37:07,899: INFO: Test_002_DDT_HRM_Login: ************ DDT_HRM_Login is failed **************
2022-06-30 20:37:14,766: INFO: Test_002_DDT_HRM_Login: ************ DDT_HRM_Login is passed **************
2022-06-30 20:37:21,902: INFO: Test_002_DDT_HRM_Login: ************ DDT_HRM_Login is passed **************
2022-06-30 20:37:28,872: INFO: Test_002_DDT_HRM_Login: ************ DDT_HRM_Login is passed **************
2022-06-30 20:37:28,872: INFO: Test_002_DDT_HRM_Login: ************ DDT_HRM_Login is failed **************
2022-08-27 22:36:35,188: INFO: Test_01_HRMLogin: ***************** HRMLogin_title_Check ********************
2022-08-27 22:36:35,204: INFO: Test_01_HRMLogin: ***************** test_001_LoginHRMTitle ********************
2022-08-27 22:36:46,526: ERROR: Test_01_HRMLogin: ***************** HRMLogin is unsuccessfull ********************
2022-08-27 22:36:49,867: INFO: Test_01_HRMLogin: ***************** HRMLogin ********************
2022-08-27 22:36:49,867: INFO: Test_01_HRMLogin: ***************** test_002_LoginHRM ********************
2022-08-27 22:36:55,629: INFO: Test_01_HRMLogin: ***************** Login into HRM ********************
2022-09-20 13:20:22,929: INFO: Test_01_HRMLogin: ***************** HRMLogin_title_Check ********************
2022-09-20 13:20:22,960: INFO: Test_01_HRMLogin: ***************** test_001_LoginHRMTitle ********************
2022-09-20 13:20:34,497: ERROR: Test_01_HRMLogin: ***************** HRMLogin is unsuccessfull ********************
2022-09-20 13:21:33,376: INFO: Test_01_HRMLogin: ***************** HRMLogin_title_Check ********************
2022-09-20 13:21:33,376: INFO: Test_01_HRMLogin: ***************** test_001_LoginHRMTitle ********************
2022-09-20 13:21:43,063: INFO: Test_01_HRMLogin: ***************** HRMLogin is successfull ********************
2022-09-20 14:38:02,839: INFO: Test_01_HRMLogin: *************** Test_new_HRM_login ****************
2022-09-20 14:38:02,875: INFO: Test_01_HRMLogin: ***************test_Login_HRM_new_Title_Check****************
2022-09-20 14:38:07,880: INFO: Test_01_HRMLogin: *********** the Title is Correct **********
2022-09-20 14:40:09,495: INFO: Test_01_HRMLogin: *************** Test_new_HRM_login ****************
2022-09-20 14:40:09,496: INFO: Test_01_HRMLogin: ***************test_Login_HRM_new_Title_Check****************
2022-09-20 14:40:14,518: ERROR: Test_01_HRMLogin: ********* Title is incorrect ************
